[0.005s] Invoking command in '/home/achref/ROS2_Humble/4_6_wheels_mobile_robot/build/my_robot_bringup': AMENT_PREFIX_PATH=/home/achref/ROS2_Humble/4_6_wheels_mobile_robot/install/my_robot_description:${AMENT_PREFIX_PATH} CMAKE_PREFIX_PATH=/home/achref/ROS2_Humble/4_6_wheels_mobile_robot/install/my_robot_description:/opt/ros/humble /usr/bin/cmake /home/achref/ROS2_Humble/4_6_wheels_mobile_robot/src/my_robot_bringup -DCMAKE_INSTALL_PREFIX=/home/achref/ROS2_Humble/4_6_wheels_mobile_robot/install/my_robot_bringup
[0.045s] -- The C compiler identification is GNU 11.4.0
[0.087s] -- The CXX compiler identification is GNU 11.4.0
[0.093s] -- Detecting C compiler ABI info
[0.146s] -- Detecting C compiler ABI info - done
[0.150s] -- Check for working C compiler: /usr/bin/cc - skipped
[0.150s] -- Detecting C compile features
[0.150s] -- Detecting C compile features - done
[0.152s] -- Detecting CXX compiler ABI info
[0.216s] -- Detecting CXX compiler ABI info - done
[0.221s] -- Check for working CXX compiler: /usr/bin/c++ - skipped
[0.221s] -- Detecting CXX compile features
[0.221s] -- Detecting CXX compile features - done
[0.223s] -- Found ament_cmake: 1.3.12 (/opt/ros/humble/share/ament_cmake/cmake)
[0.322s] -- Found Python3: /usr/bin/python3 (found version "3.10.12") found components: Interpreter 
[0.382s] -- Found rclpy: 3.3.17 (/opt/ros/humble/share/rclpy/cmake)
[0.419s] -- Configuring done
[0.421s] -- Generating done
[0.423s] -- Build files have been written to: /home/achref/ROS2_Humble/4_6_wheels_mobile_robot/build/my_robot_bringup
[0.426s] Invoked command in '/home/achref/ROS2_Humble/4_6_wheels_mobile_robot/build/my_robot_bringup' returned '0': AMENT_PREFIX_PATH=/home/achref/ROS2_Humble/4_6_wheels_mobile_robot/install/my_robot_description:${AMENT_PREFIX_PATH} CMAKE_PREFIX_PATH=/home/achref/ROS2_Humble/4_6_wheels_mobile_robot/install/my_robot_description:/opt/ros/humble /usr/bin/cmake /home/achref/ROS2_Humble/4_6_wheels_mobile_robot/src/my_robot_bringup -DCMAKE_INSTALL_PREFIX=/home/achref/ROS2_Humble/4_6_wheels_mobile_robot/install/my_robot_bringup
[0.427s] Invoking command in '/home/achref/ROS2_Humble/4_6_wheels_mobile_robot/build/my_robot_bringup': AMENT_PREFIX_PATH=/home/achref/ROS2_Humble/4_6_wheels_mobile_robot/install/my_robot_description:${AMENT_PREFIX_PATH} CMAKE_PREFIX_PATH=/home/achref/ROS2_Humble/4_6_wheels_mobile_robot/install/my_robot_description:/opt/ros/humble /usr/bin/cmake --build /home/achref/ROS2_Humble/4_6_wheels_mobile_robot/build/my_robot_bringup -- -j12 -l12
[0.457s] Invoked command in '/home/achref/ROS2_Humble/4_6_wheels_mobile_robot/build/my_robot_bringup' returned '0': AMENT_PREFIX_PATH=/home/achref/ROS2_Humble/4_6_wheels_mobile_robot/install/my_robot_description:${AMENT_PREFIX_PATH} CMAKE_PREFIX_PATH=/home/achref/ROS2_Humble/4_6_wheels_mobile_robot/install/my_robot_description:/opt/ros/humble /usr/bin/cmake --build /home/achref/ROS2_Humble/4_6_wheels_mobile_robot/build/my_robot_bringup -- -j12 -l12
[0.458s] Invoking command in '/home/achref/ROS2_Humble/4_6_wheels_mobile_robot/build/my_robot_bringup': AMENT_PREFIX_PATH=/home/achref/ROS2_Humble/4_6_wheels_mobile_robot/install/my_robot_description:${AMENT_PREFIX_PATH} CMAKE_PREFIX_PATH=/home/achref/ROS2_Humble/4_6_wheels_mobile_robot/install/my_robot_description:/opt/ros/humble /usr/bin/cmake --install /home/achref/ROS2_Humble/4_6_wheels_mobile_robot/build/my_robot_bringup
[0.464s] -- Install configuration: ""
[0.464s] -- Installing: /home/achref/ROS2_Humble/4_6_wheels_mobile_robot/install/my_robot_bringup/share/my_robot_bringup//config
[0.464s] -- Installing: /home/achref/ROS2_Humble/4_6_wheels_mobile_robot/install/my_robot_bringup/share/my_robot_bringup//config/my_robot_controllers.yaml
[0.464s] -- Installing: /home/achref/ROS2_Humble/4_6_wheels_mobile_robot/install/my_robot_bringup/share/my_robot_bringup//launch
[0.464s] -- Installing: /home/achref/ROS2_Humble/4_6_wheels_mobile_robot/install/my_robot_bringup/share/my_robot_bringup//launch/my_robot.launch.py
[0.464s] -- Installing: /home/achref/ROS2_Humble/4_6_wheels_mobile_robot/install/my_robot_bringup/lib/my_robot_bringup/joystick_mqtt_to_twist
[0.464s] -- Installing: /home/achref/ROS2_Humble/4_6_wheels_mobile_robot/install/my_robot_bringup/share/ament_index/resource_index/package_run_dependencies/my_robot_bringup
[0.464s] -- Installing: /home/achref/ROS2_Humble/4_6_wheels_mobile_robot/install/my_robot_bringup/share/ament_index/resource_index/parent_prefix_path/my_robot_bringup
[0.465s] -- Installing: /home/achref/ROS2_Humble/4_6_wheels_mobile_robot/install/my_robot_bringup/share/my_robot_bringup/environment/ament_prefix_path.sh
[0.465s] -- Installing: /home/achref/ROS2_Humble/4_6_wheels_mobile_robot/install/my_robot_bringup/share/my_robot_bringup/environment/ament_prefix_path.dsv
[0.465s] -- Installing: /home/achref/ROS2_Humble/4_6_wheels_mobile_robot/install/my_robot_bringup/share/my_robot_bringup/environment/path.sh
[0.465s] -- Installing: /home/achref/ROS2_Humble/4_6_wheels_mobile_robot/install/my_robot_bringup/share/my_robot_bringup/environment/path.dsv
[0.465s] -- Installing: /home/achref/ROS2_Humble/4_6_wheels_mobile_robot/install/my_robot_bringup/share/my_robot_bringup/local_setup.bash
[0.466s] -- Installing: /home/achref/ROS2_Humble/4_6_wheels_mobile_robot/install/my_robot_bringup/share/my_robot_bringup/local_setup.sh
[0.466s] -- Installing: /home/achref/ROS2_Humble/4_6_wheels_mobile_robot/install/my_robot_bringup/share/my_robot_bringup/local_setup.zsh
[0.466s] -- Installing: /home/achref/ROS2_Humble/4_6_wheels_mobile_robot/install/my_robot_bringup/share/my_robot_bringup/local_setup.dsv
[0.466s] -- Installing: /home/achref/ROS2_Humble/4_6_wheels_mobile_robot/install/my_robot_bringup/share/my_robot_bringup/package.dsv
[0.466s] -- Installing: /home/achref/ROS2_Humble/4_6_wheels_mobile_robot/install/my_robot_bringup/share/ament_index/resource_index/packages/my_robot_bringup
[0.466s] -- Installing: /home/achref/ROS2_Humble/4_6_wheels_mobile_robot/install/my_robot_bringup/share/my_robot_bringup/cmake/my_robot_bringupConfig.cmake
[0.466s] -- Installing: /home/achref/ROS2_Humble/4_6_wheels_mobile_robot/install/my_robot_bringup/share/my_robot_bringup/cmake/my_robot_bringupConfig-version.cmake
[0.466s] -- Installing: /home/achref/ROS2_Humble/4_6_wheels_mobile_robot/install/my_robot_bringup/share/my_robot_bringup/package.xml
[0.468s] Invoked command in '/home/achref/ROS2_Humble/4_6_wheels_mobile_robot/build/my_robot_bringup' returned '0': AMENT_PREFIX_PATH=/home/achref/ROS2_Humble/4_6_wheels_mobile_robot/install/my_robot_description:${AMENT_PREFIX_PATH} CMAKE_PREFIX_PATH=/home/achref/ROS2_Humble/4_6_wheels_mobile_robot/install/my_robot_description:/opt/ros/humble /usr/bin/cmake --install /home/achref/ROS2_Humble/4_6_wheels_mobile_robot/build/my_robot_bringup
