[0.006s] Invoking command in '/home/achref/ROS2_Humble/4_6_wheels_mobile_robot/build/my_robot_bringup': AMENT_PREFIX_PATH=/home/achref/ROS2_Humble/4_6_wheels_mobile_robot/install/my_robot_description:${AMENT_PREFIX_PATH} CMAKE_PREFIX_PATH=/home/achref/ROS2_Humble/4_6_wheels_mobile_robot/install/my_robot_description:/opt/ros/humble /usr/bin/cmake --build /home/achref/ROS2_Humble/4_6_wheels_mobile_robot/build/my_robot_bringup -- -j12 -l12
[0.029s] -- Found ament_cmake: 1.3.12 (/opt/ros/humble/share/ament_cmake/cmake)
[0.117s] -- Found rclpy: 3.3.17 (/opt/ros/humble/share/rclpy/cmake)
[0.157s] -- Configuring done
[0.159s] -- Generating done
[0.160s] -- Build files have been written to: /home/achref/ROS2_Humble/4_6_wheels_mobile_robot/build/my_robot_bringup
[0.180s] Invoked command in '/home/achref/ROS2_Humble/4_6_wheels_mobile_robot/build/my_robot_bringup' returned '0': AMENT_PREFIX_PATH=/home/achref/ROS2_Humble/4_6_wheels_mobile_robot/install/my_robot_description:${AMENT_PREFIX_PATH} CMAKE_PREFIX_PATH=/home/achref/ROS2_Humble/4_6_wheels_mobile_robot/install/my_robot_description:/opt/ros/humble /usr/bin/cmake --build /home/achref/ROS2_Humble/4_6_wheels_mobile_robot/build/my_robot_bringup -- -j12 -l12
[0.181s] Invoking command in '/home/achref/ROS2_Humble/4_6_wheels_mobile_robot/build/my_robot_bringup': AMENT_PREFIX_PATH=/home/achref/ROS2_Humble/4_6_wheels_mobile_robot/install/my_robot_description:${AMENT_PREFIX_PATH} CMAKE_PREFIX_PATH=/home/achref/ROS2_Humble/4_6_wheels_mobile_robot/install/my_robot_description:/opt/ros/humble /usr/bin/cmake --install /home/achref/ROS2_Humble/4_6_wheels_mobile_robot/build/my_robot_bringup
[0.187s] -- Install configuration: ""
[0.187s] -- Up-to-date: /home/achref/ROS2_Humble/4_6_wheels_mobile_robot/install/my_robot_bringup/share/my_robot_bringup//config
[0.187s] -- Installing: /home/achref/ROS2_Humble/4_6_wheels_mobile_robot/install/my_robot_bringup/share/my_robot_bringup//config/robot_joystick_bridge.yaml
[0.187s] -- Up-to-date: /home/achref/ROS2_Humble/4_6_wheels_mobile_robot/install/my_robot_bringup/share/my_robot_bringup//config/my_robot_controllers.yaml
[0.187s] -- Up-to-date: /home/achref/ROS2_Humble/4_6_wheels_mobile_robot/install/my_robot_bringup/share/my_robot_bringup//launch
[0.187s] -- Installing: /home/achref/ROS2_Humble/4_6_wheels_mobile_robot/install/my_robot_bringup/share/my_robot_bringup//launch/my_robot.launch.py
[0.187s] -- Installing: /home/achref/ROS2_Humble/4_6_wheels_mobile_robot/install/my_robot_bringup/lib/my_robot_bringup/joystick_mqtt_to_twist
[0.187s] -- Up-to-date: /home/achref/ROS2_Humble/4_6_wheels_mobile_robot/install/my_robot_bringup/share/ament_index/resource_index/package_run_dependencies/my_robot_bringup
[0.187s] -- Up-to-date: /home/achref/ROS2_Humble/4_6_wheels_mobile_robot/install/my_robot_bringup/share/ament_index/resource_index/parent_prefix_path/my_robot_bringup
[0.188s] -- Up-to-date: /home/achref/ROS2_Humble/4_6_wheels_mobile_robot/install/my_robot_bringup/share/my_robot_bringup/environment/ament_prefix_path.sh
[0.188s] -- Installing: /home/achref/ROS2_Humble/4_6_wheels_mobile_robot/install/my_robot_bringup/share/my_robot_bringup/environment/ament_prefix_path.dsv
[0.188s] -- Up-to-date: /home/achref/ROS2_Humble/4_6_wheels_mobile_robot/install/my_robot_bringup/share/my_robot_bringup/environment/path.sh
[0.188s] -- Installing: /home/achref/ROS2_Humble/4_6_wheels_mobile_robot/install/my_robot_bringup/share/my_robot_bringup/environment/path.dsv
[0.188s] -- Up-to-date: /home/achref/ROS2_Humble/4_6_wheels_mobile_robot/install/my_robot_bringup/share/my_robot_bringup/local_setup.bash
[0.188s] -- Up-to-date: /home/achref/ROS2_Humble/4_6_wheels_mobile_robot/install/my_robot_bringup/share/my_robot_bringup/local_setup.sh
[0.188s] -- Up-to-date: /home/achref/ROS2_Humble/4_6_wheels_mobile_robot/install/my_robot_bringup/share/my_robot_bringup/local_setup.zsh
[0.188s] -- Installing: /home/achref/ROS2_Humble/4_6_wheels_mobile_robot/install/my_robot_bringup/share/my_robot_bringup/local_setup.dsv
[0.188s] -- Installing: /home/achref/ROS2_Humble/4_6_wheels_mobile_robot/install/my_robot_bringup/share/my_robot_bringup/package.dsv
[0.188s] -- Up-to-date: /home/achref/ROS2_Humble/4_6_wheels_mobile_robot/install/my_robot_bringup/share/ament_index/resource_index/packages/my_robot_bringup
[0.188s] -- Up-to-date: /home/achref/ROS2_Humble/4_6_wheels_mobile_robot/install/my_robot_bringup/share/my_robot_bringup/cmake/my_robot_bringupConfig.cmake
[0.188s] -- Up-to-date: /home/achref/ROS2_Humble/4_6_wheels_mobile_robot/install/my_robot_bringup/share/my_robot_bringup/cmake/my_robot_bringupConfig-version.cmake
[0.188s] -- Up-to-date: /home/achref/ROS2_Humble/4_6_wheels_mobile_robot/install/my_robot_bringup/share/my_robot_bringup/package.xml
[0.190s] Invoked command in '/home/achref/ROS2_Humble/4_6_wheels_mobile_robot/build/my_robot_bringup' returned '0': AMENT_PREFIX_PATH=/home/achref/ROS2_Humble/4_6_wheels_mobile_robot/install/my_robot_description:${AMENT_PREFIX_PATH} CMAKE_PREFIX_PATH=/home/achref/ROS2_Humble/4_6_wheels_mobile_robot/install/my_robot_description:/opt/ros/humble /usr/bin/cmake --install /home/achref/ROS2_Humble/4_6_wheels_mobile_robot/build/my_robot_bringup
