[0.007s] Invoking command in '/home/achref/ROS2_Humble/4_6_wheels_mobile_robot/build/my_robot_bringup': CMAKE_PREFIX_PATH=/home/achref/ROS2_Humble/4_6_wheels_mobile_robot/install/my_robot_description:/home/achref/ROS2_Humble/4_6_wheels_mobile_robot/install/my_robot_bringup:/opt/ros/humble /usr/bin/cmake --build /home/achref/ROS2_Humble/4_6_wheels_mobile_robot/build/my_robot_bringup -- -j12 -l12
[0.040s] Invoked command in '/home/achref/ROS2_Humble/4_6_wheels_mobile_robot/build/my_robot_bringup' returned '0': CMAKE_PREFIX_PATH=/home/achref/ROS2_Humble/4_6_wheels_mobile_robot/install/my_robot_description:/home/achref/ROS2_Humble/4_6_wheels_mobile_robot/install/my_robot_bringup:/opt/ros/humble /usr/bin/cmake --build /home/achref/ROS2_Humble/4_6_wheels_mobile_robot/build/my_robot_bringup -- -j12 -l12
[0.042s] Invoking command in '/home/achref/ROS2_Humble/4_6_wheels_mobile_robot/build/my_robot_bringup': CMAKE_PREFIX_PATH=/home/achref/ROS2_Humble/4_6_wheels_mobile_robot/install/my_robot_description:/home/achref/ROS2_Humble/4_6_wheels_mobile_robot/install/my_robot_bringup:/opt/ros/humble /usr/bin/cmake --install /home/achref/ROS2_Humble/4_6_wheels_mobile_robot/build/my_robot_bringup
[0.047s] -- Install configuration: ""
[0.047s] -- Up-to-date: /home/achref/ROS2_Humble/4_6_wheels_mobile_robot/install/my_robot_bringup/share/my_robot_bringup//config
[0.047s] -- Up-to-date: /home/achref/ROS2_Humble/4_6_wheels_mobile_robot/install/my_robot_bringup/share/my_robot_bringup//config/my_robot_controllers.yaml
[0.047s] -- Up-to-date: /home/achref/ROS2_Humble/4_6_wheels_mobile_robot/install/my_robot_bringup/share/my_robot_bringup//launch
[0.048s] -- Up-to-date: /home/achref/ROS2_Humble/4_6_wheels_mobile_robot/install/my_robot_bringup/share/my_robot_bringup//launch/my_robot.launch.py
[0.048s] -- Installing: /home/achref/ROS2_Humble/4_6_wheels_mobile_robot/install/my_robot_bringup/lib/my_robot_bringup/joystick_mqtt_to_twist
[0.048s] -- Up-to-date: /home/achref/ROS2_Humble/4_6_wheels_mobile_robot/install/my_robot_bringup/share/ament_index/resource_index/package_run_dependencies/my_robot_bringup
[0.048s] -- Up-to-date: /home/achref/ROS2_Humble/4_6_wheels_mobile_robot/install/my_robot_bringup/share/ament_index/resource_index/parent_prefix_path/my_robot_bringup
[0.048s] -- Up-to-date: /home/achref/ROS2_Humble/4_6_wheels_mobile_robot/install/my_robot_bringup/share/my_robot_bringup/environment/ament_prefix_path.sh
[0.048s] -- Up-to-date: /home/achref/ROS2_Humble/4_6_wheels_mobile_robot/install/my_robot_bringup/share/my_robot_bringup/environment/ament_prefix_path.dsv
[0.048s] -- Up-to-date: /home/achref/ROS2_Humble/4_6_wheels_mobile_robot/install/my_robot_bringup/share/my_robot_bringup/environment/path.sh
[0.048s] -- Up-to-date: /home/achref/ROS2_Humble/4_6_wheels_mobile_robot/install/my_robot_bringup/share/my_robot_bringup/environment/path.dsv
[0.048s] -- Up-to-date: /home/achref/ROS2_Humble/4_6_wheels_mobile_robot/install/my_robot_bringup/share/my_robot_bringup/local_setup.bash
[0.048s] -- Up-to-date: /home/achref/ROS2_Humble/4_6_wheels_mobile_robot/install/my_robot_bringup/share/my_robot_bringup/local_setup.sh
[0.048s] -- Up-to-date: /home/achref/ROS2_Humble/4_6_wheels_mobile_robot/install/my_robot_bringup/share/my_robot_bringup/local_setup.zsh
[0.048s] -- Up-to-date: /home/achref/ROS2_Humble/4_6_wheels_mobile_robot/install/my_robot_bringup/share/my_robot_bringup/local_setup.dsv
[0.048s] -- Up-to-date: /home/achref/ROS2_Humble/4_6_wheels_mobile_robot/install/my_robot_bringup/share/my_robot_bringup/package.dsv
[0.048s] -- Up-to-date: /home/achref/ROS2_Humble/4_6_wheels_mobile_robot/install/my_robot_bringup/share/ament_index/resource_index/packages/my_robot_bringup
[0.048s] -- Up-to-date: /home/achref/ROS2_Humble/4_6_wheels_mobile_robot/install/my_robot_bringup/share/my_robot_bringup/cmake/my_robot_bringupConfig.cmake
[0.049s] -- Up-to-date: /home/achref/ROS2_Humble/4_6_wheels_mobile_robot/install/my_robot_bringup/share/my_robot_bringup/cmake/my_robot_bringupConfig-version.cmake
[0.049s] -- Up-to-date: /home/achref/ROS2_Humble/4_6_wheels_mobile_robot/install/my_robot_bringup/share/my_robot_bringup/package.xml
[0.050s] Invoked command in '/home/achref/ROS2_Humble/4_6_wheels_mobile_robot/build/my_robot_bringup' returned '0': CMAKE_PREFIX_PATH=/home/achref/ROS2_Humble/4_6_wheels_mobile_robot/install/my_robot_description:/home/achref/ROS2_Humble/4_6_wheels_mobile_robot/install/my_robot_bringup:/opt/ros/humble /usr/bin/cmake --install /home/achref/ROS2_Humble/4_6_wheels_mobile_robot/build/my_robot_bringup
