[0.008s] Invoking command in '/home/achref/ROS2_Humble/4_6_wheels_mobile_robot/build/my_robot_description': CMAKE_PREFIX_PATH=/opt/ros/humble /usr/bin/cmake /home/achref/ROS2_Humble/4_6_wheels_mobile_robot/src/my_robot_description -DCMAKE_INSTALL_PREFIX=/home/achref/ROS2_Humble/4_6_wheels_mobile_robot/install/my_robot_description
[0.046s] -- The C compiler identification is GNU 11.4.0
[0.085s] -- The CXX compiler identification is GNU 11.4.0
[0.090s] -- Detecting C compiler ABI info
[0.144s] -- Detecting C compiler ABI info - done
[0.148s] -- Check for working C compiler: /usr/bin/cc - skipped
[0.148s] -- Detecting C compile features
[0.149s] -- Detecting C compile features - done
[0.150s] -- Detecting CXX compiler ABI info
[0.214s] -- Detecting CXX compiler ABI info - done
[0.220s] -- Check for working CXX compiler: /usr/bin/c++ - skipped
[0.220s] -- Detecting CXX compile features
[0.220s] -- Detecting CXX compile features - done
[0.223s] -- Found ament_cmake: 1.3.12 (/opt/ros/humble/share/ament_cmake/cmake)
[0.327s] -- Found Python3: /usr/bin/python3 (found version "3.10.12") found components: Interpreter 
[0.438s] -- Configuring done
[0.439s] -- Generating done
[0.440s] -- Build files have been written to: /home/achref/ROS2_Humble/4_6_wheels_mobile_robot/build/my_robot_description
[0.444s] Invoked command in '/home/achref/ROS2_Humble/4_6_wheels_mobile_robot/build/my_robot_description' returned '0': CMAKE_PREFIX_PATH=/opt/ros/humble /usr/bin/cmake /home/achref/ROS2_Humble/4_6_wheels_mobile_robot/src/my_robot_description -DCMAKE_INSTALL_PREFIX=/home/achref/ROS2_Humble/4_6_wheels_mobile_robot/install/my_robot_description
[0.445s] Invoking command in '/home/achref/ROS2_Humble/4_6_wheels_mobile_robot/build/my_robot_description': CMAKE_PREFIX_PATH=/opt/ros/humble /usr/bin/cmake --build /home/achref/ROS2_Humble/4_6_wheels_mobile_robot/build/my_robot_description -- -j12 -l12
[0.476s] Invoked command in '/home/achref/ROS2_Humble/4_6_wheels_mobile_robot/build/my_robot_description' returned '0': CMAKE_PREFIX_PATH=/opt/ros/humble /usr/bin/cmake --build /home/achref/ROS2_Humble/4_6_wheels_mobile_robot/build/my_robot_description -- -j12 -l12
[0.485s] Invoking command in '/home/achref/ROS2_Humble/4_6_wheels_mobile_robot/build/my_robot_description': CMAKE_PREFIX_PATH=/opt/ros/humble /usr/bin/cmake --install /home/achref/ROS2_Humble/4_6_wheels_mobile_robot/build/my_robot_description
[0.490s] -- Install configuration: ""
[0.490s] -- Installing: /home/achref/ROS2_Humble/4_6_wheels_mobile_robot/install/my_robot_description/share/my_robot_description//urdf
[0.490s] -- Installing: /home/achref/ROS2_Humble/4_6_wheels_mobile_robot/install/my_robot_description/share/my_robot_description//urdf/my_robot.urdf.xacro
[0.490s] -- Installing: /home/achref/ROS2_Humble/4_6_wheels_mobile_robot/install/my_robot_description/share/my_robot_description//urdf/my_robot.urdf
[0.491s] -- Installing: /home/achref/ROS2_Humble/4_6_wheels_mobile_robot/install/my_robot_description/share/my_robot_description//launch
[0.491s] -- Installing: /home/achref/ROS2_Humble/4_6_wheels_mobile_robot/install/my_robot_description/share/my_robot_description//launch/display.launch.py
[0.491s] -- Installing: /home/achref/ROS2_Humble/4_6_wheels_mobile_robot/install/my_robot_description/share/my_robot_description//rviz
[0.491s] -- Installing: /home/achref/ROS2_Humble/4_6_wheels_mobile_robot/install/my_robot_description/share/my_robot_description//rviz/urdf_config.rviz
[0.491s] -- Installing: /home/achref/ROS2_Humble/4_6_wheels_mobile_robot/install/my_robot_description/share/ament_index/resource_index/package_run_dependencies/my_robot_description
[0.491s] -- Installing: /home/achref/ROS2_Humble/4_6_wheels_mobile_robot/install/my_robot_description/share/ament_index/resource_index/parent_prefix_path/my_robot_description
[0.492s] -- Installing: /home/achref/ROS2_Humble/4_6_wheels_mobile_robot/install/my_robot_description/share/my_robot_description/environment/ament_prefix_path.sh
[0.492s] -- Installing: /home/achref/ROS2_Humble/4_6_wheels_mobile_robot/install/my_robot_description/share/my_robot_description/environment/ament_prefix_path.dsv
[0.492s] -- Installing: /home/achref/ROS2_Humble/4_6_wheels_mobile_robot/install/my_robot_description/share/my_robot_description/environment/path.sh
[0.492s] -- Installing: /home/achref/ROS2_Humble/4_6_wheels_mobile_robot/install/my_robot_description/share/my_robot_description/environment/path.dsv
[0.492s] -- Installing: /home/achref/ROS2_Humble/4_6_wheels_mobile_robot/install/my_robot_description/share/my_robot_description/local_setup.bash
[0.492s] -- Installing: /home/achref/ROS2_Humble/4_6_wheels_mobile_robot/install/my_robot_description/share/my_robot_description/local_setup.sh
[0.492s] -- Installing: /home/achref/ROS2_Humble/4_6_wheels_mobile_robot/install/my_robot_description/share/my_robot_description/local_setup.zsh
[0.492s] -- Installing: /home/achref/ROS2_Humble/4_6_wheels_mobile_robot/install/my_robot_description/share/my_robot_description/local_setup.dsv
[0.493s] -- Installing: /home/achref/ROS2_Humble/4_6_wheels_mobile_robot/install/my_robot_description/share/my_robot_description/package.dsv
[0.493s] -- Installing: /home/achref/ROS2_Humble/4_6_wheels_mobile_robot/install/my_robot_description/share/ament_index/resource_index/packages/my_robot_description
[0.493s] -- Installing: /home/achref/ROS2_Humble/4_6_wheels_mobile_robot/install/my_robot_description/share/my_robot_description/cmake/my_robot_descriptionConfig.cmake
[0.493s] -- Installing: /home/achref/ROS2_Humble/4_6_wheels_mobile_robot/install/my_robot_description/share/my_robot_description/cmake/my_robot_descriptionConfig-version.cmake
[0.493s] -- Installing: /home/achref/ROS2_Humble/4_6_wheels_mobile_robot/install/my_robot_description/share/my_robot_description/package.xml
[0.495s] Invoked command in '/home/achref/ROS2_Humble/4_6_wheels_mobile_robot/build/my_robot_description' returned '0': CMAKE_PREFIX_PATH=/opt/ros/humble /usr/bin/cmake --install /home/achref/ROS2_Humble/4_6_wheels_mobile_robot/build/my_robot_description
